<?xml version="1.0" encoding="UTF-8"?>
<!-- Generated by org.testng.reporters.JUnitReportReporter -->
<testsuite hostname="jia-PC" name="com.etyero.testcase.NewTest" tests="1" failures="0" timestamp="21 Jun 2017 01:44:32 GMT" time="0.004" errors="0">
  <testcase name="f" time="0.004" classname="com.etyero.testcase.NewTest"/>
</testsuite> <!-- com.etyero.testcase.NewTest -->
