<?xml version="1.0" encoding="UTF-8"?>
<!-- Generated by org.testng.reporters.JUnitReportReporter -->
<testsuite hostname="jia-pc" name="com.web.testcase.ItemManageTest" tests="4" failures="0" timestamp="28 Sep 2017 10:22:21 GMT" time="59.793" errors="0">
  <testcase name="addUnit" time="6.362" classname="com.web.testcase.ItemManageTest"/>
  <testcase name="addComunity" time="41.793" classname="com.web.testcase.ItemManageTest"/>
  <testcase name="addBuilding" time="5.910" classname="com.web.testcase.ItemManageTest"/>
  <testcase name="addDoor" time="5.728" classname="com.web.testcase.ItemManageTest"/>
</testsuite> <!-- com.web.testcase.ItemManageTest -->
