<?xml version="1.0" encoding="UTF-8"?>
<!-- Generated by org.testng.reporters.JUnitReportReporter -->
<testsuite hostname="jia-PC" name="com.etyero.testcase.ItemManageTest" tests="4" failures="0" timestamp="16 Aug 2017 03:35:43 GMT" time="17.886" errors="0">
  <testcase name="addComunity" time="4.659" classname="com.etyero.testcase.ItemManageTest"/>
  <testcase name="addUnit" time="4.557" classname="com.etyero.testcase.ItemManageTest"/>
  <testcase name="addDoor" time="4.178" classname="com.etyero.testcase.ItemManageTest"/>
  <testcase name="addBuilding" time="4.492" classname="com.etyero.testcase.ItemManageTest"/>
</testsuite> <!-- com.etyero.testcase.ItemManageTest -->
