<?xml version="1.0" encoding="UTF-8"?>
<!-- Generated by org.testng.reporters.JUnitReportReporter -->
<testsuite hostname="jia-pc" name="com.web.testcase.PropertyPayManageTest" tests="1" failures="0" timestamp="28 Sep 2017 10:22:21 GMT" time="11.977" errors="0">
  <testcase name="searchPayMent" time="11.977" classname="com.web.testcase.PropertyPayManageTest"/>
</testsuite> <!-- com.web.testcase.PropertyPayManageTest -->
