<?xml version="1.0" encoding="UTF-8"?>
<!-- Generated by org.testng.reporters.JUnitReportReporter -->
<testsuite hostname="jia-PC" name="com.etyero.testcase.NewTest02" tests="5" failures="0" timestamp="22 Jun 2017 10:31:06 GMT" time="0.016" errors="0">
  <testcase name="f06" time="0.016" classname="com.etyero.testcase.NewTest02"/>
  <testcase name="f04" time="0.000" classname="com.etyero.testcase.NewTest02"/>
  <testcase name="f05" time="0.000" classname="com.etyero.testcase.NewTest02"/>
  <testcase name="f03" time="0.000" classname="com.etyero.testcase.NewTest02"/>
  <testcase name="f02" time="0.000" classname="com.etyero.testcase.NewTest02"/>
</testsuite> <!-- com.etyero.testcase.NewTest02 -->
