<?xml version="1.0" encoding="UTF-8"?>
<!-- Generated by org.testng.reporters.JUnitReportReporter -->
<testsuite hostname="jia-pc" name="com.web.testcase.LoginTest" tests="1" failures="0" timestamp="28 Sep 2017 10:22:21 GMT" time="38.747" errors="0">
  <testcase name="login" time="38.747" classname="com.web.testcase.LoginTest"/>
</testsuite> <!-- com.web.testcase.LoginTest -->
