<?xml version="1.0" encoding="UTF-8"?>
<!-- Generated by org.testng.reporters.JUnitReportReporter -->
<testsuite hostname="jia-PC" name="com.etyero.testcase.NewTest04" tests="3" failures="0" timestamp="22 Jun 2017 10:31:06 GMT" time="0.000" errors="0">
  <testcase name="f01" time="0.000" classname="com.etyero.testcase.NewTest04"/>
  <testcase name="f03" time="0.000" classname="com.etyero.testcase.NewTest04"/>
  <testcase name="f02" time="0.000" classname="com.etyero.testcase.NewTest04"/>
</testsuite> <!-- com.etyero.testcase.NewTest04 -->
