<?xml version="1.0" encoding="UTF-8"?>
<!-- Generated by org.testng.reporters.JUnitReportReporter -->
<testsuite hostname="jia-PC" name="com.etyero.testcase.NewTest01" tests="2" failures="0" timestamp="22 Jun 2017 10:31:06 GMT" time="0.015" errors="0">
  <testcase name="f01" time="0.015" classname="com.etyero.testcase.NewTest01"/>
  <testcase name="f02" time="0.000" classname="com.etyero.testcase.NewTest01"/>
</testsuite> <!-- com.etyero.testcase.NewTest01 -->
