<?xml version="1.0" encoding="UTF-8"?>
<!-- Generated by org.testng.reporters.JUnitReportReporter -->
<testsuite hostname="jia-PC" name="com.etyero.testcase.WebDriverDemo02" tests="4" failures="0" timestamp="8 Aug 2017 09:54:37 GMT" time="39.169" errors="0">
  <testcase name="login" time="1.505" classname="com.etyero.testcase.WebDriverDemo02"/>
  <testcase name="errorLogin" time="32.681" classname="com.etyero.testcase.WebDriverDemo02"/>
  <testcase name="errorLogin" time="2.498" classname="com.etyero.testcase.WebDriverDemo02"/>
  <testcase name="errorLogin" time="2.485" classname="com.etyero.testcase.WebDriverDemo02"/>
</testsuite> <!-- com.etyero.testcase.WebDriverDemo02 -->
