<?xml version="1.0" encoding="UTF-8"?>
<!-- Generated by org.testng.reporters.JUnitReportReporter -->
<testsuite hostname="jia-PC" name="com.etyero.testcase.TestNGDataFromDataProvider" tests="9" failures="0" timestamp="21 Jun 2017 05:49:26 GMT" time="0.016" errors="0">
  <testcase name="dataProviderTest02" time="0.000" classname="com.etyero.testcase.TestNGDataFromDataProvider"/>
  <testcase name="dataProviderTest03" time="0.000" classname="com.etyero.testcase.TestNGDataFromDataProvider"/>
  <testcase name="dataProviderTest01" time="0.000" classname="com.etyero.testcase.TestNGDataFromDataProvider"/>
  <testcase name="dataProviderTest02" time="0.000" classname="com.etyero.testcase.TestNGDataFromDataProvider"/>
  <testcase name="dataProviderTest03" time="0.000" classname="com.etyero.testcase.TestNGDataFromDataProvider"/>
  <testcase name="dataProviderTest02" time="0.000" classname="com.etyero.testcase.TestNGDataFromDataProvider"/>
  <testcase name="dataProviderTest01" time="0.016" classname="com.etyero.testcase.TestNGDataFromDataProvider"/>
  <testcase name="dataProviderTest03" time="0.000" classname="com.etyero.testcase.TestNGDataFromDataProvider"/>
  <testcase name="dataProviderTest01" time="0.000" classname="com.etyero.testcase.TestNGDataFromDataProvider"/>
</testsuite> <!-- com.etyero.testcase.TestNGDataFromDataProvider -->
