<?xml version="1.0" encoding="UTF-8"?>
<!-- Generated by org.testng.reporters.JUnitReportReporter -->
<testsuite hostname="jia-PC" name="com.etyero.testcase.WebDriverDemo" tests="1" failures="0" timestamp="24 Aug 2017 06:34:26 GMT" time="17.256" errors="0">
  <testcase name="testLogin" time="17.256" classname="com.etyero.testcase.WebDriverDemo"/>
</testsuite> <!-- com.etyero.testcase.WebDriverDemo -->
