<?xml version="1.0" encoding="UTF-8"?>
<!-- Generated by org.testng.reporters.JUnitReportReporter -->
<testsuite hostname="jia-PC" name="com.etyero.testcase.TestNGDataFromXMl" tests="2" failures="0" timestamp="21 Jun 2017 06:16:25 GMT" time="0.000" errors="0">
  <testcase name="xmlDataTest01" time="0.000" classname="com.etyero.testcase.TestNGDataFromXMl"/>
  <testcase name="xmlDataTest02" time="0.000" classname="com.etyero.testcase.TestNGDataFromXMl"/>
</testsuite> <!-- com.etyero.testcase.TestNGDataFromXMl -->
