<?xml version="1.0" encoding="UTF-8"?>
<!-- Generated by org.testng.reporters.JUnitReportReporter -->
<testsuite hostname="jia-PC" name="com.etyero.testcase.LoginTest" tests="1" failures="0" timestamp="24 Aug 2017 07:24:18 GMT" time="22.441" errors="0">
  <testcase name="login" time="22.441" classname="com.etyero.testcase.LoginTest"/>
</testsuite> <!-- com.etyero.testcase.LoginTest -->
